<?xml version="1.0" encoding="UTF-8"?>
<!-- Generated by org.testng.reporters.JUnitReportReporter -->
<testsuite skipped="0" hostname="DESKTOP-7JGJNFL" name="seleniumeasy.com.testing.InputFormSubmitTest" tests="1" failures="0" timestamp="2021-03-27T07:43:16 IST" time="7.562" errors="0">
  <testcase name="testInputFormSubmit" time="7.562" classname="seleniumeasy.com.testing.InputFormSubmitTest"/>
  <system-out/>
</testsuite> <!-- seleniumeasy.com.testing.InputFormSubmitTest -->
